c:\users\migue\downloads\uv\programacion\c++\minicraft\minicraft\x64\debug\vc143.pdb
c:\users\migue\downloads\uv\programacion\c++\minicraft\minicraft\x64\debug\vc143.idb
c:\users\migue\downloads\uv\programacion\c++\minicraft\minicraft\x64\debug\world.obj
c:\users\migue\downloads\uv\programacion\c++\minicraft\minicraft\x64\debug\main.obj
c:\users\migue\downloads\uv\programacion\c++\minicraft\minicraft\x64\debug\simulation.obj
c:\users\migue\downloads\uv\programacion\c++\minicraft\minicraft\x64\debug\shader.obj
c:\users\migue\downloads\uv\programacion\c++\minicraft\minicraft\x64\debug\renderer.obj
c:\users\migue\downloads\uv\programacion\c++\minicraft\minicraft\x64\debug\face.obj
c:\users\migue\downloads\uv\programacion\c++\minicraft\minicraft\x64\debug\camera.obj
c:\users\migue\downloads\uv\programacion\c++\minicraft\minicraft\x64\debug\blocks.obj
c:\users\migue\downloads\uv\programacion\c++\minicraft\minicraft\x64\debug\block.obj
c:\users\migue\downloads\uv\programacion\c++\minicraft\x64\debug\minicraft.exe
c:\users\migue\downloads\uv\programacion\c++\minicraft\minicraft\x64\debug\minicraft.ilk
c:\users\migue\downloads\uv\programacion\c++\minicraft\x64\debug\minicraft.pdb
c:\users\migue\downloads\uv\programacion\c++\minicraft\minicraft\x64\debug\simulation.obj.enc
c:\users\migue\downloads\uv\programacion\c++\minicraft\minicraft\x64\debug\world.obj.enc
c:\users\migue\downloads\uv\programacion\c++\minicraft\minicraft\x64\debug\minicraft.tlog\cl.command.1.tlog
c:\users\migue\downloads\uv\programacion\c++\minicraft\minicraft\x64\debug\minicraft.tlog\cl.items.tlog
c:\users\migue\downloads\uv\programacion\c++\minicraft\minicraft\x64\debug\minicraft.tlog\cl.read.1.tlog
c:\users\migue\downloads\uv\programacion\c++\minicraft\minicraft\x64\debug\minicraft.tlog\cl.write.1.tlog
c:\users\migue\downloads\uv\programacion\c++\minicraft\minicraft\x64\debug\minicraft.tlog\link.command.1.tlog
c:\users\migue\downloads\uv\programacion\c++\minicraft\minicraft\x64\debug\minicraft.tlog\link.read.1.tlog
c:\users\migue\downloads\uv\programacion\c++\minicraft\minicraft\x64\debug\minicraft.tlog\link.write.1.tlog
